<?xml version="1.0" encoding="UTF-8"?>
<!-- Generated by org.testng.reporters.JUnitReportReporter -->
<testsuite hostname="DIL-IND-QA08" failures="0" tests="1" name="com.vitamojo.Testcases.HomePage" time="17.868" errors="0" timestamp="2022-09-01T14:08:47 IST" skipped="0">
  <testcase classname="com.vitamojo.Testcases.HomePage" name="test1" time="17.868"/>
  <system-out/>
</testsuite> <!-- com.vitamojo.Testcases.HomePage -->
