<?xml version="1.0" encoding="UTF-8"?>
<!-- Generated by org.testng.reporters.JUnitReportReporter -->
<testsuite hostname="DIL-IND-QA08" failures="0" tests="1" name="com.Fleetstudio.Testcases.VerifyAboutUsPage" time="49.694" errors="0" timestamp="2022-07-12T20:57:19 IST" skipped="0">
  <testcase classname="com.Fleetstudio.Testcases.VerifyAboutUsPage" name="verifyAboutUSLink" time="49.694"/>
  <system-out/>
</testsuite> <!-- com.Fleetstudio.Testcases.VerifyAboutUsPage -->
