<?xml version="1.0" encoding="UTF-8"?>
<!-- Generated by org.testng.reporters.JUnitReportReporter -->
<testsuite hostname="DIL-IND-QA08" failures="0" tests="1" name="com.Moengage.Testcases.HomePage" time="5.356" errors="0" timestamp="2022-08-22T17:26:14 IST" skipped="0">
  <testcase classname="com.Moengage.Testcases.HomePage" name="test1" time="5.356"/>
  <system-out/>
</testsuite> <!-- com.Moengage.Testcases.HomePage -->
