<?xml version="1.0" encoding="UTF-8"?>
<!-- Generated by org.testng.reporters.JUnitReportReporter -->
<testsuite hostname="DIL-IND-QA08" failures="0" tests="1" name="com.publicissapient.Testcases.HomePage" time="17.042" errors="0" timestamp="2022-08-12T09:25:35 IST" skipped="0">
  <testcase classname="com.publicissapient.Testcases.HomePage" name="test1" time="17.042"/>
  <system-out/>
</testsuite> <!-- com.publicissapient.Testcases.HomePage -->
