<?xml version="1.0" encoding="UTF-8"?>
<!-- Generated by org.testng.reporters.JUnitReportReporter -->
<testsuite hostname="DIL-IND-QA08" failures="0" tests="1" name="com.corecard.Testcases.ExtentReportTestNG" time="17.948" errors="0" timestamp="2022-08-10T12:14:58 IST" skipped="0">
  <testcase classname="com.corecard.Testcases.ExtentReportTestNG" name="test1" time="17.948"/>
  <system-out/>
</testsuite> <!-- com.corecard.Testcases.ExtentReportTestNG -->
