<?xml version="1.0" encoding="UTF-8"?>
<!-- Generated by org.testng.reporters.JUnitReportReporter -->
<testsuite hostname="DIL-IND-QA08" failures="0" tests="1" name="com.Fleetstudio.Testcases.ExtentReportTestNG" time="27.026" errors="0" timestamp="2022-08-04T16:50:52 IST" skipped="0">
  <testcase classname="com.Fleetstudio.Testcases.ExtentReportTestNG" name="test1" time="27.026"/>
  <system-out/>
</testsuite> <!-- com.Fleetstudio.Testcases.ExtentReportTestNG -->
