<?xml version="1.0" encoding="UTF-8"?>
<!-- Generated by org.testng.reporters.JUnitReportReporter -->
<testsuite hostname="DIL-IND-QA08" failures="0" tests="1" name="com.salesHandy.Testcases.TestCase1" time="17.766" errors="0" timestamp="2022-09-16T12:27:47 IST" skipped="0">
  <testcase classname="com.salesHandy.Testcases.TestCase1" name="test1" time="17.766"/>
  <system-out/>
</testsuite> <!-- com.salesHandy.Testcases.TestCase1 -->
